<?xml version="1.0" encoding="UTF-8"?>
<!-- Generated by org.testng.reporters.JUnitReportReporter -->
<testsuite hostname="DESKTOP-I2H32PR" failures="0" tests="3" name="com.test.OrangeHrmTest" time="18.684" errors="0" timestamp="2021-05-12T23:18:48 IST" skipped="0">
  <testcase classname="com.test.OrangeHrmTest" name="sampleCase" time="4.772"/>
  <system-out/>
  <testcase classname="com.test.OrangeHrmTest" name="loginPageTest" time="5.019"/>
  <system-out/>
  <testcase classname="com.test.OrangeHrmTest" name="loginTest" time="8.893"/>
  <system-out/>
</testsuite> <!-- com.test.OrangeHrmTest -->
